INFO: 2019-08-20 21:34:08,814: perform_upgrade() 'Last run version was 0.7.2 or earlier, current version is 0.7.2'
INFO: 2019-08-20 21:34:09,052: process_command() 'Received command: []'
INFO: 2019-08-20 21:34:09,057: load_banned() 'Missing or invalid banned URLs list, no URLs will be banned'
INFO: 2019-08-20 21:34:09,080: load() 'Jumble loading'
INFO: 2019-08-20 21:34:09,081: _walk_modules() 'Jumble loading module in __init__ from /usr/share/variety/plugins/__init__.py'
INFO: 2019-08-20 21:34:09,082: _walk_modules() 'Jumble loading module in GoodreadsSource from /usr/share/variety/plugins/quotes/GoodreadsSource.py'
INFO: 2019-08-20 21:34:09,094: load() 'Jumble found plugin class: <class 'GoodreadsSource.GoodreadsSource'>: {'name': 'Goodreads', 'description': '从 Goodreads.com 获取箴言', 'author': 'Peter Levi', 'version': '0.1'}'
INFO: 2019-08-20 21:34:09,095: _walk_modules() 'Jumble loading module in LocalFilesSource from /usr/share/variety/plugins/quotes/LocalFilesSource.py'
INFO: 2019-08-20 21:34:09,096: load() 'Jumble found plugin class: <class 'LocalFilesSource.LocalFilesSource'>: {'name': 'Local text files', 'description': 'Displays quotes, defined in local text files.\nPut your own txt files in: ~/.config/variety/pluginconfig/quotes/.\nThe file format is:\n\nquote -- author\n.\nsecond quote -- another author\n.\netc...\n\nExample: http://rvelthuis.de/zips/quotes.txt', 'author': 'Peter Levi', 'version': '0.1'}'
INFO: 2019-08-20 21:34:09,097: _walk_modules() 'Jumble loading module in QuotationsPageSource from /usr/share/variety/plugins/quotes/QuotationsPageSource.py'
INFO: 2019-08-20 21:34:09,098: load() 'Jumble found plugin class: <class 'QuotationsPageSource.QuotationsPageSource'>: {'name': 'TheQuotationsPage.com', 'description': '从 QuotationsPage.com 获取箴言', 'author': 'Peter Levi', 'version': '0.1'}'
INFO: 2019-08-20 21:34:09,099: _walk_modules() 'Jumble loading module in QuotesDaddySource from /usr/share/variety/plugins/quotes/QuotesDaddySource.py'
INFO: 2019-08-20 21:34:09,100: load() 'Jumble found plugin class: <class 'QuotesDaddySource.QuotesDaddySource'>: {'name': 'QuotesDaddy', 'description': '从QuotesDaddy的每日箴言RSS订阅中中获取箴言。不支持按标签或作者搜索。', 'author': 'Peter Levi', 'version': '0.1'}'
INFO: 2019-08-20 21:34:09,100: _walk_modules() 'Jumble loading module in __init__ from /usr/share/variety/plugins/quotes/__init__.py'
INFO: 2019-08-20 21:34:09,104: log_options() 'Loaded options:'
INFO: 2019-08-20 21:34:09,104: log_options() 'change_enabled = False'
INFO: 2019-08-20 21:34:09,104: log_options() 'change_interval = 300'
INFO: 2019-08-20 21:34:09,104: log_options() 'change_on_start = False'
INFO: 2019-08-20 21:34:09,104: log_options() 'clipboard_enabled = False'
INFO: 2019-08-20 21:34:09,104: log_options() 'clipboard_hosts = ['wallhaven.cc', 'wallpapers.net', 'flickr.com', 'imgur.com', 'deviantart.com', 'interfacelift.com', 'vladstudio.com', 'imageshack.us', 'deviantart.net', 'imageshack.com']'
INFO: 2019-08-20 21:34:09,104: log_options() 'clipboard_use_whitelist = True'
INFO: 2019-08-20 21:34:09,104: log_options() 'clock_date_font = Sans Bold 30'
INFO: 2019-08-20 21:34:09,104: log_options() 'clock_enabled = True'
INFO: 2019-08-20 21:34:09,104: log_options() 'clock_filter = -density 100 -font `fc-match -f '%{file[0]}' '%CLOCK_FONT_NAME'` -pointsize %CLOCK_FONT_SIZE -gravity SouthEast -fill '#00000044' -annotate 0x0+[%HOFFSET+58]+[%VOFFSET+108] '%H:%M' -fill white -annotate 0x0+[%HOFFSET+60]+[%VOFFSET+110] '%H:%M' -font `fc-match -f '%{file[0]}' '%DATE_FONT_NAME'` -pointsize %DATE_FONT_SIZE -fill '#00000044' -annotate 0x0+[%HOFFSET+58]+[%VOFFSET+58] '%A, %B %d' -fill white -annotate 0x0+[%HOFFSET+60]+[%VOFFSET+60] '%A, %B %d''
INFO: 2019-08-20 21:34:09,105: log_options() 'clock_font = Sans Bold 70'
INFO: 2019-08-20 21:34:09,105: log_options() 'configfile = /home/luke/.config/variety/variety.conf'
INFO: 2019-08-20 21:34:09,105: log_options() 'copyto_enabled = True'
INFO: 2019-08-20 21:34:09,105: log_options() 'copyto_folder = Default'
INFO: 2019-08-20 21:34:09,105: log_options() 'desired_color = [160, 160, 160]'
INFO: 2019-08-20 21:34:09,105: log_options() 'desired_color_enabled = False'
INFO: 2019-08-20 21:34:09,105: log_options() 'download_enabled = True'
INFO: 2019-08-20 21:34:09,105: log_options() 'download_folder = /home/luke/.config/variety/Downloaded'
INFO: 2019-08-20 21:34:09,105: log_options() 'download_interval = 600'
INFO: 2019-08-20 21:34:09,105: log_options() 'favorites_folder = /home/luke/.config/variety/Favorites'
INFO: 2019-08-20 21:34:09,105: log_options() 'favorites_operations = [['Downloaded', 'Copy'], ['Fetched', 'Move'], ['Others', 'Copy']]'
INFO: 2019-08-20 21:34:09,105: log_options() 'fetched_folder = /home/luke/.config/variety/Fetched'
INFO: 2019-08-20 21:34:09,105: log_options() 'filters = [[False, 'Keep original', ''], [False, 'Grayscale', '-type Grayscale'], [False, 'Heavy blur', '-blur 120x40'], [False, 'Soft blur', '-blur 20x7'], [False, 'Oil painting', '-paint 8'], [False, 'Pencil sketch', '-colorspace gray \\( +clone -tile ~/.config/variety/pencil_tile.png -draw "color 0,0 reset" +clone +swap -compose color_dodge -composite \\) -fx \'u*.2+v*.8\''], [False, 'Pointilism', '-spread 10 -noise 3'], [False, 'Pixellate', '-scale 3% -scale 3333%']]'
INFO: 2019-08-20 21:34:09,105: log_options() 'icon = Light'
INFO: 2019-08-20 21:34:09,105: log_options() 'lightness_enabled = False'
INFO: 2019-08-20 21:34:09,105: log_options() 'lightness_mode = 0'
INFO: 2019-08-20 21:34:09,105: log_options() 'min_rating = 4'
INFO: 2019-08-20 21:34:09,105: log_options() 'min_rating_enabled = False'
INFO: 2019-08-20 21:34:09,105: log_options() 'min_size = 80'
INFO: 2019-08-20 21:34:09,106: log_options() 'min_size_enabled = False'
INFO: 2019-08-20 21:34:09,106: log_options() 'quota_enabled = True'
INFO: 2019-08-20 21:34:09,106: log_options() 'quota_size = 3000'
INFO: 2019-08-20 21:34:09,106: log_options() 'quotes_authors = '
INFO: 2019-08-20 21:34:09,106: log_options() 'quotes_bg_color = [80, 80, 80]'
INFO: 2019-08-20 21:34:09,106: log_options() 'quotes_bg_opacity = 55'
INFO: 2019-08-20 21:34:09,106: log_options() 'quotes_change_enabled = True'
INFO: 2019-08-20 21:34:09,106: log_options() 'quotes_change_interval = 300'
INFO: 2019-08-20 21:34:09,106: log_options() 'quotes_disabled_sources = ['QuotesDaddy']'
INFO: 2019-08-20 21:34:09,106: log_options() 'quotes_enabled = False'
INFO: 2019-08-20 21:34:09,106: log_options() 'quotes_favorites_file = /home/luke/.config/variety/favorite_quotes.txt'
INFO: 2019-08-20 21:34:09,106: log_options() 'quotes_font = Bitstream Charter 30'
INFO: 2019-08-20 21:34:09,106: log_options() 'quotes_hpos = 100'
INFO: 2019-08-20 21:34:09,106: log_options() 'quotes_tags = '
INFO: 2019-08-20 21:34:09,106: log_options() 'quotes_text_color = [255, 255, 255]'
INFO: 2019-08-20 21:34:09,106: log_options() 'quotes_text_shadow = False'
INFO: 2019-08-20 21:34:09,106: log_options() 'quotes_vpos = 40'
INFO: 2019-08-20 21:34:09,106: log_options() 'quotes_width = 70'
INFO: 2019-08-20 21:34:09,107: log_options() 'safe_mode = False'
INFO: 2019-08-20 21:34:09,107: log_options() 'slideshow_custom_enabled = False'
INFO: 2019-08-20 21:34:09,107: log_options() 'slideshow_custom_folder = /home/luke/Pictures'
INFO: 2019-08-20 21:34:09,107: log_options() 'slideshow_downloads_enabled = False'
INFO: 2019-08-20 21:34:09,107: log_options() 'slideshow_fade = 0.4'
INFO: 2019-08-20 21:34:09,107: log_options() 'slideshow_favorites_enabled = True'
INFO: 2019-08-20 21:34:09,107: log_options() 'slideshow_mode = Fullscreen'
INFO: 2019-08-20 21:34:09,107: log_options() 'slideshow_monitor = All'
INFO: 2019-08-20 21:34:09,107: log_options() 'slideshow_pan = 0.05'
INFO: 2019-08-20 21:34:09,107: log_options() 'slideshow_seconds = 6.0'
INFO: 2019-08-20 21:34:09,107: log_options() 'slideshow_sort_order = Random'
INFO: 2019-08-20 21:34:09,107: log_options() 'slideshow_sources_enabled = True'
INFO: 2019-08-20 21:34:09,107: log_options() 'slideshow_zoom = 0.2'
INFO: 2019-08-20 21:34:09,107: log_options() 'smart_enabled = False'
INFO: 2019-08-20 21:34:09,107: log_options() 'smart_notice_shown = False'
INFO: 2019-08-20 21:34:09,107: log_options() 'smart_register_shown = False'
INFO: 2019-08-20 21:34:09,107: log_options() 'sources = [[False, 3, 'The Favorites folder'], [False, 4, 'The Fetched folder'], [False, 2, '/usr/share/backgrounds'], [False, 6, 'Random wallpapers from Desktoppr.co'], [False, 15, 'Bing Photo of the Day'], [False, 16, 'High-resolution photos from Unsplash.com'], [False, 8, "NASA's Astronomy Picture of the Day"], [False, 11, 'World Sunlight Map - live wallpaper from Die.net'], [True, 1, '/home/luke/Pictures/wallpaper_1.jpg'], [True, 1, '/home/luke/Pictures/wallpaper_2.jpg']]'
INFO: 2019-08-20 21:34:09,107: log_options() 'stats_enabled = True'
INFO: 2019-08-20 21:34:09,108: log_options() 'stats_notice_shown = False'
INFO: 2019-08-20 21:34:09,108: log_options() 'sync_enabled = True'
INFO: 2019-08-20 21:34:09,108: log_options() 'use_landscape_enabled = True'
INFO: 2019-08-20 21:34:09,108: reload_config() 'No need to clear prepared queue'
INFO: 2019-08-20 21:34:09,108: clock_thread_method() 'clock thread running'
INFO: 2019-08-20 21:34:09,108: load_last_change_time() 'Change interval < 6 hours, ignore persisted last_change_time, wait initially the whole interval: 300'
INFO: 2019-08-20 21:34:09,108: update_indicator() 'Setting file info to: /home/luke/Pictures/wallpaper_2.jpg'
INFO: 2019-08-20 21:34:09,114: regular_change_thread() 'regular_change thread running'
INFO: 2019-08-20 21:34:09,114: regular_change_thread() 'regular_change: waiting till user resumes'
INFO: 2019-08-20 21:34:09,115: prepare_thread() 'Prepare thread running'
INFO: 2019-08-20 21:34:09,115: prepare_thread() 'Prepared buffer contains 0 images'
INFO: 2019-08-20 21:34:09,115: prepare_thread() 'Preparing some images'
INFO: 2019-08-20 21:34:09,138: prepare_thread() 'After search prepared buffer contains 2 images'
INFO: 2019-08-20 21:34:09,209: do_set_wp() 'Calling do_set_wp with /home/luke/Pictures/wallpaper_2.jpg, time: 1566308049.2091904'
INFO: 2019-08-20 21:34:09,212: compute_trimmed_offsets() 'Trimmed offsets debug info: w:1366, h:768, ratio:1.778646, iw:1920, ih:1200, scw:1366, sch:853, ho:0, vo:42'
INFO: 2019-08-20 21:34:09,212: build_imagemagick_clock_cmd() 'Applying clock filter: -density 100 -font `fc-match -f '%{file[0]}' 'Sans:Bold:70'` -pointsize 70 -gravity SouthEast -fill '#00000044' -annotate 0x0+58+150 '21:34' -fill white -annotate 0x0+60+152 '21:34' -font `fc-match -f '%{file[0]}' 'Sans:Bold:30'` -pointsize 30 -fill '#00000044' -annotate 0x0+58+100 '星期二, 八月 20' -fill white -annotate 0x0+60+102 '星期二, 八月 20''
INFO: 2019-08-20 21:34:09,212: build_imagemagick_clock_cmd() 'ImageMagick clock cmd: convert /home/luke/Pictures/wallpaper_2.jpg -scale 1366x768^ -density 100 -font `fc-match -f '%{file[0]}' 'Sans:Bold:70'` -pointsize 70 -gravity SouthEast -fill '#00000044' -annotate 0x0+58+150 '21:34' -fill white -annotate 0x0+60+152 '21:34' -font `fc-match -f '%{file[0]}' 'Sans:Bold:30'` -pointsize 30 -fill '#00000044' -annotate 0x0+58+100 '星期二, 八月 20' -fill white -annotate 0x0+60+102 '星期二, 八月 20' /home/luke/.config/variety/wallpaper/wallpaper-clock-162e35c7b0a4899121637edd50fe555c.jpg'
INFO: 2019-08-20 21:34:09,216: update_indicator_icon() 'Creating indicator'
WARNING: 2019-08-20 21:34:09,237: create_menu() 'Variety Slideshow is not installed. This is an optional extension adding pan-and-zoom slideshows to Variety: see https://github.com/peterlevi/variety-slideshow for details'
INFO: 2019-08-20 21:34:09,239: create_indicator() 'indicator backend: AppIndicator3'
INFO: 2019-08-20 21:34:09,279: set_from_theme_icon() 'Showing indicator icon variety-indicator from GTK theme'
INFO: 2019-08-20 21:34:09,279: update_indicator() 'Setting file info to: /home/luke/Pictures/wallpaper_2.jpg'
INFO: 2019-08-20 21:34:09,594: update_indicator() 'Setting file info to: /home/luke/Pictures/wallpaper_2.jpg'
INFO: 2019-08-20 21:34:10,109: clock_thread_method() 'clock_thread updates wallpaper'
INFO: 2019-08-20 21:34:10,209: do_set_wp() 'Calling do_set_wp with /home/luke/Pictures/wallpaper_2.jpg, time: 1566308050.2094898'
INFO: 2019-08-20 21:34:10,210: compute_trimmed_offsets() 'Trimmed offsets debug info: w:1366, h:768, ratio:1.778646, iw:1920, ih:1200, scw:1366, sch:853, ho:0, vo:42'
INFO: 2019-08-20 21:34:10,210: build_imagemagick_clock_cmd() 'Applying clock filter: -density 100 -font `fc-match -f '%{file[0]}' 'Sans:Bold:70'` -pointsize 70 -gravity SouthEast -fill '#00000044' -annotate 0x0+58+150 '21:34' -fill white -annotate 0x0+60+152 '21:34' -font `fc-match -f '%{file[0]}' 'Sans:Bold:30'` -pointsize 30 -fill '#00000044' -annotate 0x0+58+100 '星期二, 八月 20' -fill white -annotate 0x0+60+102 '星期二, 八月 20''
INFO: 2019-08-20 21:34:10,211: build_imagemagick_clock_cmd() 'ImageMagick clock cmd: convert /home/luke/Pictures/wallpaper_2.jpg -scale 1366x768^ -density 100 -font `fc-match -f '%{file[0]}' 'Sans:Bold:70'` -pointsize 70 -gravity SouthEast -fill '#00000044' -annotate 0x0+58+150 '21:34' -fill white -annotate 0x0+60+152 '21:34' -font `fc-match -f '%{file[0]}' 'Sans:Bold:30'` -pointsize 30 -fill '#00000044' -annotate 0x0+58+100 '星期二, 八月 20' -fill white -annotate 0x0+60+102 '星期二, 八月 20' /home/luke/.config/variety/wallpaper/wallpaper-clock-cfc53df8dd6ddfa33b547a07c3daaf33.jpg'
INFO: 2019-08-20 21:34:10,590: update_indicator() 'Setting file info to: /home/luke/Pictures/wallpaper_2.jpg'
INFO: 2019-08-20 21:34:10,981: reload() 'Reloading preferences dialog'
INFO: 2019-08-20 21:34:29,128: server_options_thread() 'Fetching server options from http://tiny.cc/variety-options-063'
ERROR: 2019-08-20 21:34:29,148: server_options_thread() 'Could not fetch Variety serverside options'
Traceback (most recent call last):
  File "/usr/lib/python3.7/site-packages/urllib3/connection.py", line 160, in _new_conn
    (self._dns_host, self.port), self.timeout, **extra_kw)
  File "/usr/lib/python3.7/site-packages/urllib3/util/connection.py", line 57, in create_connection
    for res in socket.getaddrinfo(host, port, family, socket.SOCK_STREAM):
  File "/usr/lib/python3.7/socket.py", line 748, in getaddrinfo
    for res in _socket.getaddrinfo(host, port, family, type, proto, flags):
socket.gaierror: [Errno -2] 未知的名称或服务

During handling of the above exception, another exception occurred:

Traceback (most recent call last):
  File "/usr/lib/python3.7/site-packages/urllib3/connectionpool.py", line 603, in urlopen
    chunked=chunked)
  File "/usr/lib/python3.7/site-packages/urllib3/connectionpool.py", line 355, in _make_request
    conn.request(method, url, **httplib_request_kw)
  File "/usr/lib/python3.7/http/client.py", line 1229, in request
    self._send_request(method, url, body, headers, encode_chunked)
  File "/usr/lib/python3.7/http/client.py", line 1275, in _send_request
    self.endheaders(body, encode_chunked=encode_chunked)
  File "/usr/lib/python3.7/http/client.py", line 1224, in endheaders
    self._send_output(message_body, encode_chunked=encode_chunked)
  File "/usr/lib/python3.7/http/client.py", line 1016, in _send_output
    self.send(msg)
  File "/usr/lib/python3.7/http/client.py", line 956, in send
    self.connect()
  File "/usr/lib/python3.7/site-packages/urllib3/connection.py", line 183, in connect
    conn = self._new_conn()
  File "/usr/lib/python3.7/site-packages/urllib3/connection.py", line 169, in _new_conn
    self, "Failed to establish a new connection: %s" % e)
urllib3.exceptions.NewConnectionError: <urllib3.connection.HTTPConnection object at 0x7f93f86b7da0>: Failed to establish a new connection: [Errno -2] 未知的名称或服务

During handling of the above exception, another exception occurred:

Traceback (most recent call last):
  File "/usr/lib/python3.7/site-packages/requests/adapters.py", line 449, in send
    timeout=timeout
  File "/usr/lib/python3.7/site-packages/urllib3/connectionpool.py", line 641, in urlopen
    _stacktrace=sys.exc_info()[2])
  File "/usr/lib/python3.7/site-packages/urllib3/util/retry.py", line 399, in increment
    raise MaxRetryError(_pool, url, error or ResponseError(cause))
urllib3.exceptions.MaxRetryError: HTTPConnectionPool(host='tiny.cc', port=80): Max retries exceeded with url: /variety-options-063 (Caused by NewConnectionError('<urllib3.connection.HTTPConnection object at 0x7f93f86b7da0>: Failed to establish a new connection: [Errno -2] 未知的名称或服务'))

During handling of the above exception, another exception occurred:

Traceback (most recent call last):
  File "/usr/lib/python3.7/site-packages/variety/VarietyWindow.py", line 939, in server_options_thread
    self.server_options = Util.fetch_json(VarietyWindow.SERVERSIDE_OPTIONS_URL)
  File "/usr/lib/python3.7/site-packages/variety/Util.py", line 593, in fetch_json
    return Util.request(url, data).json()
  File "/usr/lib/python3.7/site-packages/variety/Util.py", line 571, in request
    timeout=timeout)
  File "/usr/lib/python3.7/site-packages/requests/api.py", line 60, in request
    return session.request(method=method, url=url, **kwargs)
  File "/usr/lib/python3.7/site-packages/requests/sessions.py", line 533, in request
    resp = self.send(prep, **send_kwargs)
  File "/usr/lib/python3.7/site-packages/requests/sessions.py", line 646, in send
    r = adapter.send(request, **kwargs)
  File "/usr/lib/python3.7/site-packages/requests/adapters.py", line 516, in send
    raise ConnectionError(e, request=request)
requests.exceptions.ConnectionError: HTTPConnectionPool(host='tiny.cc', port=80): Max retries exceeded with url: /variety-options-063 (Caused by NewConnectionError('<urllib3.connection.HTTPConnection object at 0x7f93f86b7da0>: Failed to establish a new connection: [Errno -2] 未知的名称或服务'))
INFO: 2019-08-20 21:34:59,179: server_options_thread() 'Fetching server options from http://tiny.cc/variety-options-063'
ERROR: 2019-08-20 21:34:59,194: server_options_thread() 'Could not fetch Variety serverside options'
Traceback (most recent call last):
  File "/usr/lib/python3.7/site-packages/urllib3/connection.py", line 160, in _new_conn
    (self._dns_host, self.port), self.timeout, **extra_kw)
  File "/usr/lib/python3.7/site-packages/urllib3/util/connection.py", line 57, in create_connection
    for res in socket.getaddrinfo(host, port, family, socket.SOCK_STREAM):
  File "/usr/lib/python3.7/socket.py", line 748, in getaddrinfo
    for res in _socket.getaddrinfo(host, port, family, type, proto, flags):
socket.gaierror: [Errno -2] 未知的名称或服务

During handling of the above exception, another exception occurred:

Traceback (most recent call last):
  File "/usr/lib/python3.7/site-packages/urllib3/connectionpool.py", line 603, in urlopen
    chunked=chunked)
  File "/usr/lib/python3.7/site-packages/urllib3/connectionpool.py", line 355, in _make_request
    conn.request(method, url, **httplib_request_kw)
  File "/usr/lib/python3.7/http/client.py", line 1229, in request
    self._send_request(method, url, body, headers, encode_chunked)
  File "/usr/lib/python3.7/http/client.py", line 1275, in _send_request
    self.endheaders(body, encode_chunked=encode_chunked)
  File "/usr/lib/python3.7/http/client.py", line 1224, in endheaders
    self._send_output(message_body, encode_chunked=encode_chunked)
  File "/usr/lib/python3.7/http/client.py", line 1016, in _send_output
    self.send(msg)
  File "/usr/lib/python3.7/http/client.py", line 956, in send
    self.connect()
  File "/usr/lib/python3.7/site-packages/urllib3/connection.py", line 183, in connect
    conn = self._new_conn()
  File "/usr/lib/python3.7/site-packages/urllib3/connection.py", line 169, in _new_conn
    self, "Failed to establish a new connection: %s" % e)
urllib3.exceptions.NewConnectionError: <urllib3.connection.HTTPConnection object at 0x7f93f86b7b38>: Failed to establish a new connection: [Errno -2] 未知的名称或服务

During handling of the above exception, another exception occurred:

Traceback (most recent call last):
  File "/usr/lib/python3.7/site-packages/requests/adapters.py", line 449, in send
    timeout=timeout
  File "/usr/lib/python3.7/site-packages/urllib3/connectionpool.py", line 641, in urlopen
    _stacktrace=sys.exc_info()[2])
  File "/usr/lib/python3.7/site-packages/urllib3/util/retry.py", line 399, in increment
    raise MaxRetryError(_pool, url, error or ResponseError(cause))
urllib3.exceptions.MaxRetryError: HTTPConnectionPool(host='tiny.cc', port=80): Max retries exceeded with url: /variety-options-063 (Caused by NewConnectionError('<urllib3.connection.HTTPConnection object at 0x7f93f86b7b38>: Failed to establish a new connection: [Errno -2] 未知的名称或服务'))

During handling of the above exception, another exception occurred:

Traceback (most recent call last):
  File "/usr/lib/python3.7/site-packages/variety/VarietyWindow.py", line 939, in server_options_thread
    self.server_options = Util.fetch_json(VarietyWindow.SERVERSIDE_OPTIONS_URL)
  File "/usr/lib/python3.7/site-packages/variety/Util.py", line 593, in fetch_json
    return Util.request(url, data).json()
  File "/usr/lib/python3.7/site-packages/variety/Util.py", line 571, in request
    timeout=timeout)
  File "/usr/lib/python3.7/site-packages/requests/api.py", line 60, in request
    return session.request(method=method, url=url, **kwargs)
  File "/usr/lib/python3.7/site-packages/requests/sessions.py", line 533, in request
    resp = self.send(prep, **send_kwargs)
  File "/usr/lib/python3.7/site-packages/requests/sessions.py", line 646, in send
    r = adapter.send(request, **kwargs)
  File "/usr/lib/python3.7/site-packages/requests/adapters.py", line 516, in send
    raise ConnectionError(e, request=request)
requests.exceptions.ConnectionError: HTTPConnectionPool(host='tiny.cc', port=80): Max retries exceeded with url: /variety-options-063 (Caused by NewConnectionError('<urllib3.connection.HTTPConnection object at 0x7f93f86b7b38>: Failed to establish a new connection: [Errno -2] 未知的名称或服务'))
INFO: 2019-08-20 21:35:00,166: clock_thread_method() 'clock_thread updates wallpaper'
INFO: 2019-08-20 21:35:00,167: do_set_wp() 'Calling do_set_wp with /home/luke/Pictures/wallpaper_2.jpg, time: 1566308100.1673825'
INFO: 2019-08-20 21:35:00,169: compute_trimmed_offsets() 'Trimmed offsets debug info: w:1366, h:768, ratio:1.778646, iw:1920, ih:1200, scw:1366, sch:853, ho:0, vo:42'
INFO: 2019-08-20 21:35:00,169: build_imagemagick_clock_cmd() 'Applying clock filter: -density 100 -font `fc-match -f '%{file[0]}' 'Sans:Bold:70'` -pointsize 70 -gravity SouthEast -fill '#00000044' -annotate 0x0+58+150 '21:35' -fill white -annotate 0x0+60+152 '21:35' -font `fc-match -f '%{file[0]}' 'Sans:Bold:30'` -pointsize 30 -fill '#00000044' -annotate 0x0+58+100 '星期二, 八月 20' -fill white -annotate 0x0+60+102 '星期二, 八月 20''
INFO: 2019-08-20 21:35:00,169: build_imagemagick_clock_cmd() 'ImageMagick clock cmd: convert /home/luke/Pictures/wallpaper_2.jpg -scale 1366x768^ -density 100 -font `fc-match -f '%{file[0]}' 'Sans:Bold:70'` -pointsize 70 -gravity SouthEast -fill '#00000044' -annotate 0x0+58+150 '21:35' -fill white -annotate 0x0+60+152 '21:35' -font `fc-match -f '%{file[0]}' 'Sans:Bold:30'` -pointsize 30 -fill '#00000044' -annotate 0x0+58+100 '星期二, 八月 20' -fill white -annotate 0x0+60+102 '星期二, 八月 20' /home/luke/.config/variety/wallpaper/wallpaper-clock-a3900e537cc03b6de581aa7269ba5677.jpg'
INFO: 2019-08-20 21:35:00,401: update_indicator() 'Setting file info to: /home/luke/Pictures/wallpaper_2.jpg'
INFO: 2019-08-20 21:35:29,226: server_options_thread() 'Fetching server options from http://tiny.cc/variety-options-063'
ERROR: 2019-08-20 21:35:29,240: server_options_thread() 'Could not fetch Variety serverside options'
Traceback (most recent call last):
  File "/usr/lib/python3.7/site-packages/urllib3/connection.py", line 160, in _new_conn
    (self._dns_host, self.port), self.timeout, **extra_kw)
  File "/usr/lib/python3.7/site-packages/urllib3/util/connection.py", line 57, in create_connection
    for res in socket.getaddrinfo(host, port, family, socket.SOCK_STREAM):
  File "/usr/lib/python3.7/socket.py", line 748, in getaddrinfo
    for res in _socket.getaddrinfo(host, port, family, type, proto, flags):
socket.gaierror: [Errno -2] 未知的名称或服务

During handling of the above exception, another exception occurred:

Traceback (most recent call last):
  File "/usr/lib/python3.7/site-packages/urllib3/connectionpool.py", line 603, in urlopen
    chunked=chunked)
  File "/usr/lib/python3.7/site-packages/urllib3/connectionpool.py", line 355, in _make_request
    conn.request(method, url, **httplib_request_kw)
  File "/usr/lib/python3.7/http/client.py", line 1229, in request
    self._send_request(method, url, body, headers, encode_chunked)
  File "/usr/lib/python3.7/http/client.py", line 1275, in _send_request
    self.endheaders(body, encode_chunked=encode_chunked)
  File "/usr/lib/python3.7/http/client.py", line 1224, in endheaders
    self._send_output(message_body, encode_chunked=encode_chunked)
  File "/usr/lib/python3.7/http/client.py", line 1016, in _send_output
    self.send(msg)
  File "/usr/lib/python3.7/http/client.py", line 956, in send
    self.connect()
  File "/usr/lib/python3.7/site-packages/urllib3/connection.py", line 183, in connect
    conn = self._new_conn()
  File "/usr/lib/python3.7/site-packages/urllib3/connection.py", line 169, in _new_conn
    self, "Failed to establish a new connection: %s" % e)
urllib3.exceptions.NewConnectionError: <urllib3.connection.HTTPConnection object at 0x7f93f86b7e48>: Failed to establish a new connection: [Errno -2] 未知的名称或服务

During handling of the above exception, another exception occurred:

Traceback (most recent call last):
  File "/usr/lib/python3.7/site-packages/requests/adapters.py", line 449, in send
    timeout=timeout
  File "/usr/lib/python3.7/site-packages/urllib3/connectionpool.py", line 641, in urlopen
    _stacktrace=sys.exc_info()[2])
  File "/usr/lib/python3.7/site-packages/urllib3/util/retry.py", line 399, in increment
    raise MaxRetryError(_pool, url, error or ResponseError(cause))
urllib3.exceptions.MaxRetryError: HTTPConnectionPool(host='tiny.cc', port=80): Max retries exceeded with url: /variety-options-063 (Caused by NewConnectionError('<urllib3.connection.HTTPConnection object at 0x7f93f86b7e48>: Failed to establish a new connection: [Errno -2] 未知的名称或服务'))

During handling of the above exception, another exception occurred:

Traceback (most recent call last):
  File "/usr/lib/python3.7/site-packages/variety/VarietyWindow.py", line 939, in server_options_thread
    self.server_options = Util.fetch_json(VarietyWindow.SERVERSIDE_OPTIONS_URL)
  File "/usr/lib/python3.7/site-packages/variety/Util.py", line 593, in fetch_json
    return Util.request(url, data).json()
  File "/usr/lib/python3.7/site-packages/variety/Util.py", line 571, in request
    timeout=timeout)
  File "/usr/lib/python3.7/site-packages/requests/api.py", line 60, in request
    return session.request(method=method, url=url, **kwargs)
  File "/usr/lib/python3.7/site-packages/requests/sessions.py", line 533, in request
    resp = self.send(prep, **send_kwargs)
  File "/usr/lib/python3.7/site-packages/requests/sessions.py", line 646, in send
    r = adapter.send(request, **kwargs)
  File "/usr/lib/python3.7/site-packages/requests/adapters.py", line 516, in send
    raise ConnectionError(e, request=request)
requests.exceptions.ConnectionError: HTTPConnectionPool(host='tiny.cc', port=80): Max retries exceeded with url: /variety-options-063 (Caused by NewConnectionError('<urllib3.connection.HTTPConnection object at 0x7f93f86b7e48>: Failed to establish a new connection: [Errno -2] 未知的名称或服务'))
INFO: 2019-08-20 21:35:59,271: server_options_thread() 'Fetching server options from http://tiny.cc/variety-options-063'
ERROR: 2019-08-20 21:35:59,285: server_options_thread() 'Could not fetch Variety serverside options'
Traceback (most recent call last):
  File "/usr/lib/python3.7/site-packages/urllib3/connection.py", line 160, in _new_conn
    (self._dns_host, self.port), self.timeout, **extra_kw)
  File "/usr/lib/python3.7/site-packages/urllib3/util/connection.py", line 57, in create_connection
    for res in socket.getaddrinfo(host, port, family, socket.SOCK_STREAM):
  File "/usr/lib/python3.7/socket.py", line 748, in getaddrinfo
    for res in _socket.getaddrinfo(host, port, family, type, proto, flags):
socket.gaierror: [Errno -2] 未知的名称或服务

During handling of the above exception, another exception occurred:

Traceback (most recent call last):
  File "/usr/lib/python3.7/site-packages/urllib3/connectionpool.py", line 603, in urlopen
    chunked=chunked)
  File "/usr/lib/python3.7/site-packages/urllib3/connectionpool.py", line 355, in _make_request
    conn.request(method, url, **httplib_request_kw)
  File "/usr/lib/python3.7/http/client.py", line 1229, in request
    self._send_request(method, url, body, headers, encode_chunked)
  File "/usr/lib/python3.7/http/client.py", line 1275, in _send_request
    self.endheaders(body, encode_chunked=encode_chunked)
  File "/usr/lib/python3.7/http/client.py", line 1224, in endheaders
    self._send_output(message_body, encode_chunked=encode_chunked)
  File "/usr/lib/python3.7/http/client.py", line 1016, in _send_output
    self.send(msg)
  File "/usr/lib/python3.7/http/client.py", line 956, in send
    self.connect()
  File "/usr/lib/python3.7/site-packages/urllib3/connection.py", line 183, in connect
    conn = self._new_conn()
  File "/usr/lib/python3.7/site-packages/urllib3/connection.py", line 169, in _new_conn
    self, "Failed to establish a new connection: %s" % e)
urllib3.exceptions.NewConnectionError: <urllib3.connection.HTTPConnection object at 0x7f93f86b7b00>: Failed to establish a new connection: [Errno -2] 未知的名称或服务

During handling of the above exception, another exception occurred:

Traceback (most recent call last):
  File "/usr/lib/python3.7/site-packages/requests/adapters.py", line 449, in send
    timeout=timeout
  File "/usr/lib/python3.7/site-packages/urllib3/connectionpool.py", line 641, in urlopen
    _stacktrace=sys.exc_info()[2])
  File "/usr/lib/python3.7/site-packages/urllib3/util/retry.py", line 399, in increment
    raise MaxRetryError(_pool, url, error or ResponseError(cause))
urllib3.exceptions.MaxRetryError: HTTPConnectionPool(host='tiny.cc', port=80): Max retries exceeded with url: /variety-options-063 (Caused by NewConnectionError('<urllib3.connection.HTTPConnection object at 0x7f93f86b7b00>: Failed to establish a new connection: [Errno -2] 未知的名称或服务'))

During handling of the above exception, another exception occurred:

Traceback (most recent call last):
  File "/usr/lib/python3.7/site-packages/variety/VarietyWindow.py", line 939, in server_options_thread
    self.server_options = Util.fetch_json(VarietyWindow.SERVERSIDE_OPTIONS_URL)
  File "/usr/lib/python3.7/site-packages/variety/Util.py", line 593, in fetch_json
    return Util.request(url, data).json()
  File "/usr/lib/python3.7/site-packages/variety/Util.py", line 571, in request
    timeout=timeout)
  File "/usr/lib/python3.7/site-packages/requests/api.py", line 60, in request
    return session.request(method=method, url=url, **kwargs)
  File "/usr/lib/python3.7/site-packages/requests/sessions.py", line 533, in request
    resp = self.send(prep, **send_kwargs)
  File "/usr/lib/python3.7/site-packages/requests/sessions.py", line 646, in send
    r = adapter.send(request, **kwargs)
  File "/usr/lib/python3.7/site-packages/requests/adapters.py", line 516, in send
    raise ConnectionError(e, request=request)
requests.exceptions.ConnectionError: HTTPConnectionPool(host='tiny.cc', port=80): Max retries exceeded with url: /variety-options-063 (Caused by NewConnectionError('<urllib3.connection.HTTPConnection object at 0x7f93f86b7b00>: Failed to establish a new connection: [Errno -2] 未知的名称或服务'))
INFO: 2019-08-20 21:36:00,236: clock_thread_method() 'clock_thread updates wallpaper'
INFO: 2019-08-20 21:36:00,237: do_set_wp() 'Calling do_set_wp with /home/luke/Pictures/wallpaper_2.jpg, time: 1566308160.2377994'
INFO: 2019-08-20 21:36:00,239: compute_trimmed_offsets() 'Trimmed offsets debug info: w:1366, h:768, ratio:1.778646, iw:1920, ih:1200, scw:1366, sch:853, ho:0, vo:42'
INFO: 2019-08-20 21:36:00,240: build_imagemagick_clock_cmd() 'Applying clock filter: -density 100 -font `fc-match -f '%{file[0]}' 'Sans:Bold:70'` -pointsize 70 -gravity SouthEast -fill '#00000044' -annotate 0x0+58+150 '21:36' -fill white -annotate 0x0+60+152 '21:36' -font `fc-match -f '%{file[0]}' 'Sans:Bold:30'` -pointsize 30 -fill '#00000044' -annotate 0x0+58+100 '星期二, 八月 20' -fill white -annotate 0x0+60+102 '星期二, 八月 20''
INFO: 2019-08-20 21:36:00,240: build_imagemagick_clock_cmd() 'ImageMagick clock cmd: convert /home/luke/Pictures/wallpaper_2.jpg -scale 1366x768^ -density 100 -font `fc-match -f '%{file[0]}' 'Sans:Bold:70'` -pointsize 70 -gravity SouthEast -fill '#00000044' -annotate 0x0+58+150 '21:36' -fill white -annotate 0x0+60+152 '21:36' -font `fc-match -f '%{file[0]}' 'Sans:Bold:30'` -pointsize 30 -fill '#00000044' -annotate 0x0+58+100 '星期二, 八月 20' -fill white -annotate 0x0+60+102 '星期二, 八月 20' /home/luke/.config/variety/wallpaper/wallpaper-clock-e35c4701e5166f8125d6dbf11cb6620e.jpg'
INFO: 2019-08-20 21:36:00,470: update_indicator() 'Setting file info to: /home/luke/Pictures/wallpaper_2.jpg'
INFO: 2019-08-20 21:36:29,290: server_options_thread() 'Fetching server options from http://tiny.cc/variety-options-063'
ERROR: 2019-08-20 21:36:29,306: server_options_thread() 'Could not fetch Variety serverside options'
Traceback (most recent call last):
  File "/usr/lib/python3.7/site-packages/urllib3/connection.py", line 160, in _new_conn
    (self._dns_host, self.port), self.timeout, **extra_kw)
  File "/usr/lib/python3.7/site-packages/urllib3/util/connection.py", line 57, in create_connection
    for res in socket.getaddrinfo(host, port, family, socket.SOCK_STREAM):
  File "/usr/lib/python3.7/socket.py", line 748, in getaddrinfo
    for res in _socket.getaddrinfo(host, port, family, type, proto, flags):
socket.gaierror: [Errno -2] 未知的名称或服务

During handling of the above exception, another exception occurred:

Traceback (most recent call last):
  File "/usr/lib/python3.7/site-packages/urllib3/connectionpool.py", line 603, in urlopen
    chunked=chunked)
  File "/usr/lib/python3.7/site-packages/urllib3/connectionpool.py", line 355, in _make_request
    conn.request(method, url, **httplib_request_kw)
  File "/usr/lib/python3.7/http/client.py", line 1229, in request
    self._send_request(method, url, body, headers, encode_chunked)
  File "/usr/lib/python3.7/http/client.py", line 1275, in _send_request
    self.endheaders(body, encode_chunked=encode_chunked)
  File "/usr/lib/python3.7/http/client.py", line 1224, in endheaders
    self._send_output(message_body, encode_chunked=encode_chunked)
  File "/usr/lib/python3.7/http/client.py", line 1016, in _send_output
    self.send(msg)
  File "/usr/lib/python3.7/http/client.py", line 956, in send
    self.connect()
  File "/usr/lib/python3.7/site-packages/urllib3/connection.py", line 183, in connect
    conn = self._new_conn()
  File "/usr/lib/python3.7/site-packages/urllib3/connection.py", line 169, in _new_conn
    self, "Failed to establish a new connection: %s" % e)
urllib3.exceptions.NewConnectionError: <urllib3.connection.HTTPConnection object at 0x7f93f86b79e8>: Failed to establish a new connection: [Errno -2] 未知的名称或服务

During handling of the above exception, another exception occurred:

Traceback (most recent call last):
  File "/usr/lib/python3.7/site-packages/requests/adapters.py", line 449, in send
    timeout=timeout
  File "/usr/lib/python3.7/site-packages/urllib3/connectionpool.py", line 641, in urlopen
    _stacktrace=sys.exc_info()[2])
  File "/usr/lib/python3.7/site-packages/urllib3/util/retry.py", line 399, in increment
    raise MaxRetryError(_pool, url, error or ResponseError(cause))
urllib3.exceptions.MaxRetryError: HTTPConnectionPool(host='tiny.cc', port=80): Max retries exceeded with url: /variety-options-063 (Caused by NewConnectionError('<urllib3.connection.HTTPConnection object at 0x7f93f86b79e8>: Failed to establish a new connection: [Errno -2] 未知的名称或服务'))

During handling of the above exception, another exception occurred:

Traceback (most recent call last):
  File "/usr/lib/python3.7/site-packages/variety/VarietyWindow.py", line 939, in server_options_thread
    self.server_options = Util.fetch_json(VarietyWindow.SERVERSIDE_OPTIONS_URL)
  File "/usr/lib/python3.7/site-packages/variety/Util.py", line 593, in fetch_json
    return Util.request(url, data).json()
  File "/usr/lib/python3.7/site-packages/variety/Util.py", line 571, in request
    timeout=timeout)
  File "/usr/lib/python3.7/site-packages/requests/api.py", line 60, in request
    return session.request(method=method, url=url, **kwargs)
  File "/usr/lib/python3.7/site-packages/requests/sessions.py", line 533, in request
    resp = self.send(prep, **send_kwargs)
  File "/usr/lib/python3.7/site-packages/requests/sessions.py", line 646, in send
    r = adapter.send(request, **kwargs)
  File "/usr/lib/python3.7/site-packages/requests/adapters.py", line 516, in send
    raise ConnectionError(e, request=request)
requests.exceptions.ConnectionError: HTTPConnectionPool(host='tiny.cc', port=80): Max retries exceeded with url: /variety-options-063 (Caused by NewConnectionError('<urllib3.connection.HTTPConnection object at 0x7f93f86b79e8>: Failed to establish a new connection: [Errno -2] 未知的名称或服务'))
INFO: 2019-08-20 21:37:00,305: clock_thread_method() 'clock_thread updates wallpaper'
INFO: 2019-08-20 21:37:00,306: do_set_wp() 'Calling do_set_wp with /home/luke/Pictures/wallpaper_2.jpg, time: 1566308220.3066556'
INFO: 2019-08-20 21:37:00,308: compute_trimmed_offsets() 'Trimmed offsets debug info: w:1366, h:768, ratio:1.778646, iw:1920, ih:1200, scw:1366, sch:853, ho:0, vo:42'
INFO: 2019-08-20 21:37:00,309: build_imagemagick_clock_cmd() 'Applying clock filter: -density 100 -font `fc-match -f '%{file[0]}' 'Sans:Bold:70'` -pointsize 70 -gravity SouthEast -fill '#00000044' -annotate 0x0+58+150 '21:37' -fill white -annotate 0x0+60+152 '21:37' -font `fc-match -f '%{file[0]}' 'Sans:Bold:30'` -pointsize 30 -fill '#00000044' -annotate 0x0+58+100 '星期二, 八月 20' -fill white -annotate 0x0+60+102 '星期二, 八月 20''
INFO: 2019-08-20 21:37:00,309: build_imagemagick_clock_cmd() 'ImageMagick clock cmd: convert /home/luke/Pictures/wallpaper_2.jpg -scale 1366x768^ -density 100 -font `fc-match -f '%{file[0]}' 'Sans:Bold:70'` -pointsize 70 -gravity SouthEast -fill '#00000044' -annotate 0x0+58+150 '21:37' -fill white -annotate 0x0+60+152 '21:37' -font `fc-match -f '%{file[0]}' 'Sans:Bold:30'` -pointsize 30 -fill '#00000044' -annotate 0x0+58+100 '星期二, 八月 20' -fill white -annotate 0x0+60+102 '星期二, 八月 20' /home/luke/.config/variety/wallpaper/wallpaper-clock-5aed42fdeb462e2a9f37e814ba439b67.jpg'
INFO: 2019-08-20 21:37:00,537: update_indicator() 'Setting file info to: /home/luke/Pictures/wallpaper_2.jpg'
INFO: 2019-08-20 21:38:00,070: clock_thread_method() 'clock_thread updates wallpaper'
INFO: 2019-08-20 21:38:00,072: do_set_wp() 'Calling do_set_wp with /home/luke/Pictures/wallpaper_2.jpg, time: 1566308280.0723'
INFO: 2019-08-20 21:38:00,074: compute_trimmed_offsets() 'Trimmed offsets debug info: w:1366, h:768, ratio:1.778646, iw:1920, ih:1200, scw:1366, sch:853, ho:0, vo:42'
INFO: 2019-08-20 21:38:00,074: build_imagemagick_clock_cmd() 'Applying clock filter: -density 100 -font `fc-match -f '%{file[0]}' 'Sans:Bold:70'` -pointsize 70 -gravity SouthEast -fill '#00000044' -annotate 0x0+58+150 '21:38' -fill white -annotate 0x0+60+152 '21:38' -font `fc-match -f '%{file[0]}' 'Sans:Bold:30'` -pointsize 30 -fill '#00000044' -annotate 0x0+58+100 '星期二, 八月 20' -fill white -annotate 0x0+60+102 '星期二, 八月 20''
INFO: 2019-08-20 21:38:00,075: build_imagemagick_clock_cmd() 'ImageMagick clock cmd: convert /home/luke/Pictures/wallpaper_2.jpg -scale 1366x768^ -density 100 -font `fc-match -f '%{file[0]}' 'Sans:Bold:70'` -pointsize 70 -gravity SouthEast -fill '#00000044' -annotate 0x0+58+150 '21:38' -fill white -annotate 0x0+60+152 '21:38' -font `fc-match -f '%{file[0]}' 'Sans:Bold:30'` -pointsize 30 -fill '#00000044' -annotate 0x0+58+100 '星期二, 八月 20' -fill white -annotate 0x0+60+102 '星期二, 八月 20' /home/luke/.config/variety/wallpaper/wallpaper-clock-d24987df01acb757dfd642a96c485fd5.jpg'
INFO: 2019-08-20 21:38:00,312: update_indicator() 'Setting file info to: /home/luke/Pictures/wallpaper_2.jpg'
INFO: 2019-08-20 21:39:00,134: clock_thread_method() 'clock_thread updates wallpaper'
INFO: 2019-08-20 21:39:00,135: do_set_wp() 'Calling do_set_wp with /home/luke/Pictures/wallpaper_2.jpg, time: 1566308340.1351259'
INFO: 2019-08-20 21:39:00,136: compute_trimmed_offsets() 'Trimmed offsets debug info: w:1366, h:768, ratio:1.778646, iw:1920, ih:1200, scw:1366, sch:853, ho:0, vo:42'
INFO: 2019-08-20 21:39:00,137: build_imagemagick_clock_cmd() 'Applying clock filter: -density 100 -font `fc-match -f '%{file[0]}' 'Sans:Bold:70'` -pointsize 70 -gravity SouthEast -fill '#00000044' -annotate 0x0+58+150 '21:39' -fill white -annotate 0x0+60+152 '21:39' -font `fc-match -f '%{file[0]}' 'Sans:Bold:30'` -pointsize 30 -fill '#00000044' -annotate 0x0+58+100 '星期二, 八月 20' -fill white -annotate 0x0+60+102 '星期二, 八月 20''
INFO: 2019-08-20 21:39:00,137: build_imagemagick_clock_cmd() 'ImageMagick clock cmd: convert /home/luke/Pictures/wallpaper_2.jpg -scale 1366x768^ -density 100 -font `fc-match -f '%{file[0]}' 'Sans:Bold:70'` -pointsize 70 -gravity SouthEast -fill '#00000044' -annotate 0x0+58+150 '21:39' -fill white -annotate 0x0+60+152 '21:39' -font `fc-match -f '%{file[0]}' 'Sans:Bold:30'` -pointsize 30 -fill '#00000044' -annotate 0x0+58+100 '星期二, 八月 20' -fill white -annotate 0x0+60+102 '星期二, 八月 20' /home/luke/.config/variety/wallpaper/wallpaper-clock-b058e6fdb1d3b8211c87fd92cb4a687a.jpg'
INFO: 2019-08-20 21:39:00,402: update_indicator() 'Setting file info to: /home/luke/Pictures/wallpaper_2.jpg'
INFO: 2019-08-20 21:40:00,197: clock_thread_method() 'clock_thread updates wallpaper'
INFO: 2019-08-20 21:40:00,198: do_set_wp() 'Calling do_set_wp with /home/luke/Pictures/wallpaper_2.jpg, time: 1566308400.1983244'
INFO: 2019-08-20 21:40:00,199: compute_trimmed_offsets() 'Trimmed offsets debug info: w:1366, h:768, ratio:1.778646, iw:1920, ih:1200, scw:1366, sch:853, ho:0, vo:42'
INFO: 2019-08-20 21:40:00,199: build_imagemagick_clock_cmd() 'Applying clock filter: -density 100 -font `fc-match -f '%{file[0]}' 'Sans:Bold:70'` -pointsize 70 -gravity SouthEast -fill '#00000044' -annotate 0x0+58+150 '21:40' -fill white -annotate 0x0+60+152 '21:40' -font `fc-match -f '%{file[0]}' 'Sans:Bold:30'` -pointsize 30 -fill '#00000044' -annotate 0x0+58+100 '星期二, 八月 20' -fill white -annotate 0x0+60+102 '星期二, 八月 20''
INFO: 2019-08-20 21:40:00,199: build_imagemagick_clock_cmd() 'ImageMagick clock cmd: convert /home/luke/Pictures/wallpaper_2.jpg -scale 1366x768^ -density 100 -font `fc-match -f '%{file[0]}' 'Sans:Bold:70'` -pointsize 70 -gravity SouthEast -fill '#00000044' -annotate 0x0+58+150 '21:40' -fill white -annotate 0x0+60+152 '21:40' -font `fc-match -f '%{file[0]}' 'Sans:Bold:30'` -pointsize 30 -fill '#00000044' -annotate 0x0+58+100 '星期二, 八月 20' -fill white -annotate 0x0+60+102 '星期二, 八月 20' /home/luke/.config/variety/wallpaper/wallpaper-clock-b089b8bc8738a4b82668449736bf0447.jpg'
INFO: 2019-08-20 21:40:00,467: update_indicator() 'Setting file info to: /home/luke/Pictures/wallpaper_2.jpg'
INFO: 2019-08-20 21:41:00,259: clock_thread_method() 'clock_thread updates wallpaper'
INFO: 2019-08-20 21:41:00,260: do_set_wp() 'Calling do_set_wp with /home/luke/Pictures/wallpaper_2.jpg, time: 1566308460.2606988'
INFO: 2019-08-20 21:41:00,261: compute_trimmed_offsets() 'Trimmed offsets debug info: w:1366, h:768, ratio:1.778646, iw:1920, ih:1200, scw:1366, sch:853, ho:0, vo:42'
INFO: 2019-08-20 21:41:00,262: build_imagemagick_clock_cmd() 'Applying clock filter: -density 100 -font `fc-match -f '%{file[0]}' 'Sans:Bold:70'` -pointsize 70 -gravity SouthEast -fill '#00000044' -annotate 0x0+58+150 '21:41' -fill white -annotate 0x0+60+152 '21:41' -font `fc-match -f '%{file[0]}' 'Sans:Bold:30'` -pointsize 30 -fill '#00000044' -annotate 0x0+58+100 '星期二, 八月 20' -fill white -annotate 0x0+60+102 '星期二, 八月 20''
INFO: 2019-08-20 21:41:00,262: build_imagemagick_clock_cmd() 'ImageMagick clock cmd: convert /home/luke/Pictures/wallpaper_2.jpg -scale 1366x768^ -density 100 -font `fc-match -f '%{file[0]}' 'Sans:Bold:70'` -pointsize 70 -gravity SouthEast -fill '#00000044' -annotate 0x0+58+150 '21:41' -fill white -annotate 0x0+60+152 '21:41' -font `fc-match -f '%{file[0]}' 'Sans:Bold:30'` -pointsize 30 -fill '#00000044' -annotate 0x0+58+100 '星期二, 八月 20' -fill white -annotate 0x0+60+102 '星期二, 八月 20' /home/luke/.config/variety/wallpaper/wallpaper-clock-69359e9fcd6fc149eee031ad3e3c40fa.jpg'
INFO: 2019-08-20 21:41:00,530: update_indicator() 'Setting file info to: /home/luke/Pictures/wallpaper_2.jpg'
INFO: 2019-08-20 21:42:00,327: clock_thread_method() 'clock_thread updates wallpaper'
INFO: 2019-08-20 21:42:00,328: do_set_wp() 'Calling do_set_wp with /home/luke/Pictures/wallpaper_2.jpg, time: 1566308520.3286316'
INFO: 2019-08-20 21:42:00,330: compute_trimmed_offsets() 'Trimmed offsets debug info: w:1366, h:768, ratio:1.778646, iw:1920, ih:1200, scw:1366, sch:853, ho:0, vo:42'
INFO: 2019-08-20 21:42:00,330: build_imagemagick_clock_cmd() 'Applying clock filter: -density 100 -font `fc-match -f '%{file[0]}' 'Sans:Bold:70'` -pointsize 70 -gravity SouthEast -fill '#00000044' -annotate 0x0+58+150 '21:42' -fill white -annotate 0x0+60+152 '21:42' -font `fc-match -f '%{file[0]}' 'Sans:Bold:30'` -pointsize 30 -fill '#00000044' -annotate 0x0+58+100 '星期二, 八月 20' -fill white -annotate 0x0+60+102 '星期二, 八月 20''
INFO: 2019-08-20 21:42:00,330: build_imagemagick_clock_cmd() 'ImageMagick clock cmd: convert /home/luke/Pictures/wallpaper_2.jpg -scale 1366x768^ -density 100 -font `fc-match -f '%{file[0]}' 'Sans:Bold:70'` -pointsize 70 -gravity SouthEast -fill '#00000044' -annotate 0x0+58+150 '21:42' -fill white -annotate 0x0+60+152 '21:42' -font `fc-match -f '%{file[0]}' 'Sans:Bold:30'` -pointsize 30 -fill '#00000044' -annotate 0x0+58+100 '星期二, 八月 20' -fill white -annotate 0x0+60+102 '星期二, 八月 20' /home/luke/.config/variety/wallpaper/wallpaper-clock-8513f4bb3ba92bbf65390e095262d65d.jpg'
INFO: 2019-08-20 21:42:00,575: update_indicator() 'Setting file info to: /home/luke/Pictures/wallpaper_2.jpg'
INFO: 2019-08-20 21:43:00,390: clock_thread_method() 'clock_thread updates wallpaper'
INFO: 2019-08-20 21:43:00,391: do_set_wp() 'Calling do_set_wp with /home/luke/Pictures/wallpaper_2.jpg, time: 1566308580.3918245'
INFO: 2019-08-20 21:43:00,393: compute_trimmed_offsets() 'Trimmed offsets debug info: w:1366, h:768, ratio:1.778646, iw:1920, ih:1200, scw:1366, sch:853, ho:0, vo:42'
INFO: 2019-08-20 21:43:00,393: build_imagemagick_clock_cmd() 'Applying clock filter: -density 100 -font `fc-match -f '%{file[0]}' 'Sans:Bold:70'` -pointsize 70 -gravity SouthEast -fill '#00000044' -annotate 0x0+58+150 '21:43' -fill white -annotate 0x0+60+152 '21:43' -font `fc-match -f '%{file[0]}' 'Sans:Bold:30'` -pointsize 30 -fill '#00000044' -annotate 0x0+58+100 '星期二, 八月 20' -fill white -annotate 0x0+60+102 '星期二, 八月 20''
INFO: 2019-08-20 21:43:00,393: build_imagemagick_clock_cmd() 'ImageMagick clock cmd: convert /home/luke/Pictures/wallpaper_2.jpg -scale 1366x768^ -density 100 -font `fc-match -f '%{file[0]}' 'Sans:Bold:70'` -pointsize 70 -gravity SouthEast -fill '#00000044' -annotate 0x0+58+150 '21:43' -fill white -annotate 0x0+60+152 '21:43' -font `fc-match -f '%{file[0]}' 'Sans:Bold:30'` -pointsize 30 -fill '#00000044' -annotate 0x0+58+100 '星期二, 八月 20' -fill white -annotate 0x0+60+102 '星期二, 八月 20' /home/luke/.config/variety/wallpaper/wallpaper-clock-7838232befbcc2e2ffc7ee94cb5ae747.jpg'
INFO: 2019-08-20 21:43:00,688: update_indicator() 'Setting file info to: /home/luke/Pictures/wallpaper_2.jpg'
INFO: 2019-08-20 21:46:08,671: clock_thread_method() 'clock_thread updates wallpaper'
INFO: 2019-08-20 21:46:08,672: do_set_wp() 'Calling do_set_wp with /home/luke/Pictures/wallpaper_2.jpg, time: 1566308768.6729035'
INFO: 2019-08-20 21:46:08,674: compute_trimmed_offsets() 'Trimmed offsets debug info: w:1366, h:768, ratio:1.778646, iw:1920, ih:1200, scw:1366, sch:853, ho:0, vo:42'
INFO: 2019-08-20 21:46:08,675: build_imagemagick_clock_cmd() 'Applying clock filter: -density 100 -font `fc-match -f '%{file[0]}' 'Sans:Bold:70'` -pointsize 70 -gravity SouthEast -fill '#00000044' -annotate 0x0+58+150 '21:46' -fill white -annotate 0x0+60+152 '21:46' -font `fc-match -f '%{file[0]}' 'Sans:Bold:30'` -pointsize 30 -fill '#00000044' -annotate 0x0+58+100 '星期二, 八月 20' -fill white -annotate 0x0+60+102 '星期二, 八月 20''
INFO: 2019-08-20 21:46:08,675: build_imagemagick_clock_cmd() 'ImageMagick clock cmd: convert /home/luke/Pictures/wallpaper_2.jpg -scale 1366x768^ -density 100 -font `fc-match -f '%{file[0]}' 'Sans:Bold:70'` -pointsize 70 -gravity SouthEast -fill '#00000044' -annotate 0x0+58+150 '21:46' -fill white -annotate 0x0+60+152 '21:46' -font `fc-match -f '%{file[0]}' 'Sans:Bold:30'` -pointsize 30 -fill '#00000044' -annotate 0x0+58+100 '星期二, 八月 20' -fill white -annotate 0x0+60+102 '星期二, 八月 20' /home/luke/.config/variety/wallpaper/wallpaper-clock-01f403f6d58e0a89afeb0f0997c812c8.jpg'
INFO: 2019-08-20 21:46:08,991: update_indicator() 'Setting file info to: /home/luke/Pictures/wallpaper_2.jpg'
INFO: 2019-08-20 21:47:00,697: clock_thread_method() 'clock_thread updates wallpaper'
INFO: 2019-08-20 21:47:00,699: do_set_wp() 'Calling do_set_wp with /home/luke/Pictures/wallpaper_2.jpg, time: 1566308820.699265'
INFO: 2019-08-20 21:47:00,701: compute_trimmed_offsets() 'Trimmed offsets debug info: w:1366, h:768, ratio:1.778646, iw:1920, ih:1200, scw:1366, sch:853, ho:0, vo:42'
INFO: 2019-08-20 21:47:00,701: build_imagemagick_clock_cmd() 'Applying clock filter: -density 100 -font `fc-match -f '%{file[0]}' 'Sans:Bold:70'` -pointsize 70 -gravity SouthEast -fill '#00000044' -annotate 0x0+58+150 '21:47' -fill white -annotate 0x0+60+152 '21:47' -font `fc-match -f '%{file[0]}' 'Sans:Bold:30'` -pointsize 30 -fill '#00000044' -annotate 0x0+58+100 '星期二, 八月 20' -fill white -annotate 0x0+60+102 '星期二, 八月 20''
INFO: 2019-08-20 21:47:00,702: build_imagemagick_clock_cmd() 'ImageMagick clock cmd: convert /home/luke/Pictures/wallpaper_2.jpg -scale 1366x768^ -density 100 -font `fc-match -f '%{file[0]}' 'Sans:Bold:70'` -pointsize 70 -gravity SouthEast -fill '#00000044' -annotate 0x0+58+150 '21:47' -fill white -annotate 0x0+60+152 '21:47' -font `fc-match -f '%{file[0]}' 'Sans:Bold:30'` -pointsize 30 -fill '#00000044' -annotate 0x0+58+100 '星期二, 八月 20' -fill white -annotate 0x0+60+102 '星期二, 八月 20' /home/luke/.config/variety/wallpaper/wallpaper-clock-55e124a244a989a5b40f3e31a012c320.jpg'
INFO: 2019-08-20 21:47:00,934: update_indicator() 'Setting file info to: /home/luke/Pictures/wallpaper_2.jpg'
INFO: 2019-08-20 21:48:00,759: clock_thread_method() 'clock_thread updates wallpaper'
INFO: 2019-08-20 21:48:00,760: do_set_wp() 'Calling do_set_wp with /home/luke/Pictures/wallpaper_2.jpg, time: 1566308880.7603471'
INFO: 2019-08-20 21:48:00,762: compute_trimmed_offsets() 'Trimmed offsets debug info: w:1366, h:768, ratio:1.778646, iw:1920, ih:1200, scw:1366, sch:853, ho:0, vo:42'
INFO: 2019-08-20 21:48:00,763: build_imagemagick_clock_cmd() 'Applying clock filter: -density 100 -font `fc-match -f '%{file[0]}' 'Sans:Bold:70'` -pointsize 70 -gravity SouthEast -fill '#00000044' -annotate 0x0+58+150 '21:48' -fill white -annotate 0x0+60+152 '21:48' -font `fc-match -f '%{file[0]}' 'Sans:Bold:30'` -pointsize 30 -fill '#00000044' -annotate 0x0+58+100 '星期二, 八月 20' -fill white -annotate 0x0+60+102 '星期二, 八月 20''
INFO: 2019-08-20 21:48:00,763: build_imagemagick_clock_cmd() 'ImageMagick clock cmd: convert /home/luke/Pictures/wallpaper_2.jpg -scale 1366x768^ -density 100 -font `fc-match -f '%{file[0]}' 'Sans:Bold:70'` -pointsize 70 -gravity SouthEast -fill '#00000044' -annotate 0x0+58+150 '21:48' -fill white -annotate 0x0+60+152 '21:48' -font `fc-match -f '%{file[0]}' 'Sans:Bold:30'` -pointsize 30 -fill '#00000044' -annotate 0x0+58+100 '星期二, 八月 20' -fill white -annotate 0x0+60+102 '星期二, 八月 20' /home/luke/.config/variety/wallpaper/wallpaper-clock-6e92e22b2d758c8fb572a4fec35cf9a8.jpg'
INFO: 2019-08-20 21:48:01,001: update_indicator() 'Setting file info to: /home/luke/Pictures/wallpaper_2.jpg'
INFO: 2019-08-20 21:49:00,823: clock_thread_method() 'clock_thread updates wallpaper'
INFO: 2019-08-20 21:49:00,823: do_set_wp() 'Calling do_set_wp with /home/luke/Pictures/wallpaper_2.jpg, time: 1566308940.8236723'
INFO: 2019-08-20 21:49:00,824: compute_trimmed_offsets() 'Trimmed offsets debug info: w:1366, h:768, ratio:1.778646, iw:1920, ih:1200, scw:1366, sch:853, ho:0, vo:42'
INFO: 2019-08-20 21:49:00,824: build_imagemagick_clock_cmd() 'Applying clock filter: -density 100 -font `fc-match -f '%{file[0]}' 'Sans:Bold:70'` -pointsize 70 -gravity SouthEast -fill '#00000044' -annotate 0x0+58+150 '21:49' -fill white -annotate 0x0+60+152 '21:49' -font `fc-match -f '%{file[0]}' 'Sans:Bold:30'` -pointsize 30 -fill '#00000044' -annotate 0x0+58+100 '星期二, 八月 20' -fill white -annotate 0x0+60+102 '星期二, 八月 20''
INFO: 2019-08-20 21:49:00,824: build_imagemagick_clock_cmd() 'ImageMagick clock cmd: convert /home/luke/Pictures/wallpaper_2.jpg -scale 1366x768^ -density 100 -font `fc-match -f '%{file[0]}' 'Sans:Bold:70'` -pointsize 70 -gravity SouthEast -fill '#00000044' -annotate 0x0+58+150 '21:49' -fill white -annotate 0x0+60+152 '21:49' -font `fc-match -f '%{file[0]}' 'Sans:Bold:30'` -pointsize 30 -fill '#00000044' -annotate 0x0+58+100 '星期二, 八月 20' -fill white -annotate 0x0+60+102 '星期二, 八月 20' /home/luke/.config/variety/wallpaper/wallpaper-clock-28033298fca0c494b830558bc54ebc53.jpg'
INFO: 2019-08-20 21:49:01,054: update_indicator() 'Setting file info to: /home/luke/Pictures/wallpaper_2.jpg'
INFO: 2019-08-20 21:50:00,886: clock_thread_method() 'clock_thread updates wallpaper'
INFO: 2019-08-20 21:50:00,887: do_set_wp() 'Calling do_set_wp with /home/luke/Pictures/wallpaper_2.jpg, time: 1566309000.8878706'
INFO: 2019-08-20 21:50:00,889: compute_trimmed_offsets() 'Trimmed offsets debug info: w:1366, h:768, ratio:1.778646, iw:1920, ih:1200, scw:1366, sch:853, ho:0, vo:42'
INFO: 2019-08-20 21:50:00,890: build_imagemagick_clock_cmd() 'Applying clock filter: -density 100 -font `fc-match -f '%{file[0]}' 'Sans:Bold:70'` -pointsize 70 -gravity SouthEast -fill '#00000044' -annotate 0x0+58+150 '21:50' -fill white -annotate 0x0+60+152 '21:50' -font `fc-match -f '%{file[0]}' 'Sans:Bold:30'` -pointsize 30 -fill '#00000044' -annotate 0x0+58+100 '星期二, 八月 20' -fill white -annotate 0x0+60+102 '星期二, 八月 20''
INFO: 2019-08-20 21:50:00,890: build_imagemagick_clock_cmd() 'ImageMagick clock cmd: convert /home/luke/Pictures/wallpaper_2.jpg -scale 1366x768^ -density 100 -font `fc-match -f '%{file[0]}' 'Sans:Bold:70'` -pointsize 70 -gravity SouthEast -fill '#00000044' -annotate 0x0+58+150 '21:50' -fill white -annotate 0x0+60+152 '21:50' -font `fc-match -f '%{file[0]}' 'Sans:Bold:30'` -pointsize 30 -fill '#00000044' -annotate 0x0+58+100 '星期二, 八月 20' -fill white -annotate 0x0+60+102 '星期二, 八月 20' /home/luke/.config/variety/wallpaper/wallpaper-clock-47d38998f0b2e1dfa3a0bd786a753988.jpg'
INFO: 2019-08-20 21:50:01,131: update_indicator() 'Setting file info to: /home/luke/Pictures/wallpaper_2.jpg'
INFO: 2019-08-20 21:51:00,953: clock_thread_method() 'clock_thread updates wallpaper'
INFO: 2019-08-20 21:51:00,955: do_set_wp() 'Calling do_set_wp with /home/luke/Pictures/wallpaper_2.jpg, time: 1566309060.9552782'
INFO: 2019-08-20 21:51:00,957: compute_trimmed_offsets() 'Trimmed offsets debug info: w:1366, h:768, ratio:1.778646, iw:1920, ih:1200, scw:1366, sch:853, ho:0, vo:42'
INFO: 2019-08-20 21:51:00,957: build_imagemagick_clock_cmd() 'Applying clock filter: -density 100 -font `fc-match -f '%{file[0]}' 'Sans:Bold:70'` -pointsize 70 -gravity SouthEast -fill '#00000044' -annotate 0x0+58+150 '21:51' -fill white -annotate 0x0+60+152 '21:51' -font `fc-match -f '%{file[0]}' 'Sans:Bold:30'` -pointsize 30 -fill '#00000044' -annotate 0x0+58+100 '星期二, 八月 20' -fill white -annotate 0x0+60+102 '星期二, 八月 20''
INFO: 2019-08-20 21:51:00,958: build_imagemagick_clock_cmd() 'ImageMagick clock cmd: convert /home/luke/Pictures/wallpaper_2.jpg -scale 1366x768^ -density 100 -font `fc-match -f '%{file[0]}' 'Sans:Bold:70'` -pointsize 70 -gravity SouthEast -fill '#00000044' -annotate 0x0+58+150 '21:51' -fill white -annotate 0x0+60+152 '21:51' -font `fc-match -f '%{file[0]}' 'Sans:Bold:30'` -pointsize 30 -fill '#00000044' -annotate 0x0+58+100 '星期二, 八月 20' -fill white -annotate 0x0+60+102 '星期二, 八月 20' /home/luke/.config/variety/wallpaper/wallpaper-clock-dfbbe3de9dd7dd3dbcdc4aaf1abc9629.jpg'
INFO: 2019-08-20 21:51:01,196: update_indicator() 'Setting file info to: /home/luke/Pictures/wallpaper_2.jpg'
INFO: 2019-08-20 21:52:00,014: clock_thread_method() 'clock_thread updates wallpaper'
INFO: 2019-08-20 21:52:00,015: do_set_wp() 'Calling do_set_wp with /home/luke/Pictures/wallpaper_2.jpg, time: 1566309120.0158963'
INFO: 2019-08-20 21:52:00,017: compute_trimmed_offsets() 'Trimmed offsets debug info: w:1366, h:768, ratio:1.778646, iw:1920, ih:1200, scw:1366, sch:853, ho:0, vo:42'
INFO: 2019-08-20 21:52:00,018: build_imagemagick_clock_cmd() 'Applying clock filter: -density 100 -font `fc-match -f '%{file[0]}' 'Sans:Bold:70'` -pointsize 70 -gravity SouthEast -fill '#00000044' -annotate 0x0+58+150 '21:52' -fill white -annotate 0x0+60+152 '21:52' -font `fc-match -f '%{file[0]}' 'Sans:Bold:30'` -pointsize 30 -fill '#00000044' -annotate 0x0+58+100 '星期二, 八月 20' -fill white -annotate 0x0+60+102 '星期二, 八月 20''
INFO: 2019-08-20 21:52:00,018: build_imagemagick_clock_cmd() 'ImageMagick clock cmd: convert /home/luke/Pictures/wallpaper_2.jpg -scale 1366x768^ -density 100 -font `fc-match -f '%{file[0]}' 'Sans:Bold:70'` -pointsize 70 -gravity SouthEast -fill '#00000044' -annotate 0x0+58+150 '21:52' -fill white -annotate 0x0+60+152 '21:52' -font `fc-match -f '%{file[0]}' 'Sans:Bold:30'` -pointsize 30 -fill '#00000044' -annotate 0x0+58+100 '星期二, 八月 20' -fill white -annotate 0x0+60+102 '星期二, 八月 20' /home/luke/.config/variety/wallpaper/wallpaper-clock-0539fd5340af4256158abf067b467806.jpg'
INFO: 2019-08-20 21:52:00,259: update_indicator() 'Setting file info to: /home/luke/Pictures/wallpaper_2.jpg'
INFO: 2019-08-20 21:53:00,079: clock_thread_method() 'clock_thread updates wallpaper'
INFO: 2019-08-20 21:53:00,080: do_set_wp() 'Calling do_set_wp with /home/luke/Pictures/wallpaper_2.jpg, time: 1566309180.0803168'
INFO: 2019-08-20 21:53:00,082: compute_trimmed_offsets() 'Trimmed offsets debug info: w:1366, h:768, ratio:1.778646, iw:1920, ih:1200, scw:1366, sch:853, ho:0, vo:42'
INFO: 2019-08-20 21:53:00,083: build_imagemagick_clock_cmd() 'Applying clock filter: -density 100 -font `fc-match -f '%{file[0]}' 'Sans:Bold:70'` -pointsize 70 -gravity SouthEast -fill '#00000044' -annotate 0x0+58+150 '21:53' -fill white -annotate 0x0+60+152 '21:53' -font `fc-match -f '%{file[0]}' 'Sans:Bold:30'` -pointsize 30 -fill '#00000044' -annotate 0x0+58+100 '星期二, 八月 20' -fill white -annotate 0x0+60+102 '星期二, 八月 20''
INFO: 2019-08-20 21:53:00,083: build_imagemagick_clock_cmd() 'ImageMagick clock cmd: convert /home/luke/Pictures/wallpaper_2.jpg -scale 1366x768^ -density 100 -font `fc-match -f '%{file[0]}' 'Sans:Bold:70'` -pointsize 70 -gravity SouthEast -fill '#00000044' -annotate 0x0+58+150 '21:53' -fill white -annotate 0x0+60+152 '21:53' -font `fc-match -f '%{file[0]}' 'Sans:Bold:30'` -pointsize 30 -fill '#00000044' -annotate 0x0+58+100 '星期二, 八月 20' -fill white -annotate 0x0+60+102 '星期二, 八月 20' /home/luke/.config/variety/wallpaper/wallpaper-clock-f13ffe64ae769353eb0b66ea5e676212.jpg'
INFO: 2019-08-20 21:53:00,320: update_indicator() 'Setting file info to: /home/luke/Pictures/wallpaper_2.jpg'
INFO: 2019-08-20 21:54:00,144: clock_thread_method() 'clock_thread updates wallpaper'
INFO: 2019-08-20 21:54:00,145: do_set_wp() 'Calling do_set_wp with /home/luke/Pictures/wallpaper_2.jpg, time: 1566309240.1457849'
INFO: 2019-08-20 21:54:00,147: compute_trimmed_offsets() 'Trimmed offsets debug info: w:1366, h:768, ratio:1.778646, iw:1920, ih:1200, scw:1366, sch:853, ho:0, vo:42'
INFO: 2019-08-20 21:54:00,148: build_imagemagick_clock_cmd() 'Applying clock filter: -density 100 -font `fc-match -f '%{file[0]}' 'Sans:Bold:70'` -pointsize 70 -gravity SouthEast -fill '#00000044' -annotate 0x0+58+150 '21:54' -fill white -annotate 0x0+60+152 '21:54' -font `fc-match -f '%{file[0]}' 'Sans:Bold:30'` -pointsize 30 -fill '#00000044' -annotate 0x0+58+100 '星期二, 八月 20' -fill white -annotate 0x0+60+102 '星期二, 八月 20''
INFO: 2019-08-20 21:54:00,148: build_imagemagick_clock_cmd() 'ImageMagick clock cmd: convert /home/luke/Pictures/wallpaper_2.jpg -scale 1366x768^ -density 100 -font `fc-match -f '%{file[0]}' 'Sans:Bold:70'` -pointsize 70 -gravity SouthEast -fill '#00000044' -annotate 0x0+58+150 '21:54' -fill white -annotate 0x0+60+152 '21:54' -font `fc-match -f '%{file[0]}' 'Sans:Bold:30'` -pointsize 30 -fill '#00000044' -annotate 0x0+58+100 '星期二, 八月 20' -fill white -annotate 0x0+60+102 '星期二, 八月 20' /home/luke/.config/variety/wallpaper/wallpaper-clock-e862b2c012b4e80a338132ba775799bb.jpg'
INFO: 2019-08-20 21:54:00,382: update_indicator() 'Setting file info to: /home/luke/Pictures/wallpaper_2.jpg'
INFO: 2019-08-20 21:55:00,208: clock_thread_method() 'clock_thread updates wallpaper'
INFO: 2019-08-20 21:55:00,210: do_set_wp() 'Calling do_set_wp with /home/luke/Pictures/wallpaper_2.jpg, time: 1566309300.210246'
INFO: 2019-08-20 21:55:00,212: compute_trimmed_offsets() 'Trimmed offsets debug info: w:1366, h:768, ratio:1.778646, iw:1920, ih:1200, scw:1366, sch:853, ho:0, vo:42'
INFO: 2019-08-20 21:55:00,212: build_imagemagick_clock_cmd() 'Applying clock filter: -density 100 -font `fc-match -f '%{file[0]}' 'Sans:Bold:70'` -pointsize 70 -gravity SouthEast -fill '#00000044' -annotate 0x0+58+150 '21:55' -fill white -annotate 0x0+60+152 '21:55' -font `fc-match -f '%{file[0]}' 'Sans:Bold:30'` -pointsize 30 -fill '#00000044' -annotate 0x0+58+100 '星期二, 八月 20' -fill white -annotate 0x0+60+102 '星期二, 八月 20''
INFO: 2019-08-20 21:55:00,213: build_imagemagick_clock_cmd() 'ImageMagick clock cmd: convert /home/luke/Pictures/wallpaper_2.jpg -scale 1366x768^ -density 100 -font `fc-match -f '%{file[0]}' 'Sans:Bold:70'` -pointsize 70 -gravity SouthEast -fill '#00000044' -annotate 0x0+58+150 '21:55' -fill white -annotate 0x0+60+152 '21:55' -font `fc-match -f '%{file[0]}' 'Sans:Bold:30'` -pointsize 30 -fill '#00000044' -annotate 0x0+58+100 '星期二, 八月 20' -fill white -annotate 0x0+60+102 '星期二, 八月 20' /home/luke/.config/variety/wallpaper/wallpaper-clock-cc3e95d5d625a4b1b1e66e651416a033.jpg'
INFO: 2019-08-20 21:55:00,448: update_indicator() 'Setting file info to: /home/luke/Pictures/wallpaper_2.jpg'
INFO: 2019-08-20 21:56:00,273: clock_thread_method() 'clock_thread updates wallpaper'
INFO: 2019-08-20 21:56:00,275: do_set_wp() 'Calling do_set_wp with /home/luke/Pictures/wallpaper_2.jpg, time: 1566309360.2751582'
INFO: 2019-08-20 21:56:00,276: compute_trimmed_offsets() 'Trimmed offsets debug info: w:1366, h:768, ratio:1.778646, iw:1920, ih:1200, scw:1366, sch:853, ho:0, vo:42'
INFO: 2019-08-20 21:56:00,277: build_imagemagick_clock_cmd() 'Applying clock filter: -density 100 -font `fc-match -f '%{file[0]}' 'Sans:Bold:70'` -pointsize 70 -gravity SouthEast -fill '#00000044' -annotate 0x0+58+150 '21:56' -fill white -annotate 0x0+60+152 '21:56' -font `fc-match -f '%{file[0]}' 'Sans:Bold:30'` -pointsize 30 -fill '#00000044' -annotate 0x0+58+100 '星期二, 八月 20' -fill white -annotate 0x0+60+102 '星期二, 八月 20''
INFO: 2019-08-20 21:56:00,278: build_imagemagick_clock_cmd() 'ImageMagick clock cmd: convert /home/luke/Pictures/wallpaper_2.jpg -scale 1366x768^ -density 100 -font `fc-match -f '%{file[0]}' 'Sans:Bold:70'` -pointsize 70 -gravity SouthEast -fill '#00000044' -annotate 0x0+58+150 '21:56' -fill white -annotate 0x0+60+152 '21:56' -font `fc-match -f '%{file[0]}' 'Sans:Bold:30'` -pointsize 30 -fill '#00000044' -annotate 0x0+58+100 '星期二, 八月 20' -fill white -annotate 0x0+60+102 '星期二, 八月 20' /home/luke/.config/variety/wallpaper/wallpaper-clock-33290571ccc3c80613c3ded22f233613.jpg'
INFO: 2019-08-20 21:56:00,506: update_indicator() 'Setting file info to: /home/luke/Pictures/wallpaper_2.jpg'
INFO: 2019-08-20 21:57:00,339: clock_thread_method() 'clock_thread updates wallpaper'
INFO: 2019-08-20 21:57:00,341: do_set_wp() 'Calling do_set_wp with /home/luke/Pictures/wallpaper_2.jpg, time: 1566309420.3411293'
INFO: 2019-08-20 21:57:00,342: compute_trimmed_offsets() 'Trimmed offsets debug info: w:1366, h:768, ratio:1.778646, iw:1920, ih:1200, scw:1366, sch:853, ho:0, vo:42'
INFO: 2019-08-20 21:57:00,343: build_imagemagick_clock_cmd() 'Applying clock filter: -density 100 -font `fc-match -f '%{file[0]}' 'Sans:Bold:70'` -pointsize 70 -gravity SouthEast -fill '#00000044' -annotate 0x0+58+150 '21:57' -fill white -annotate 0x0+60+152 '21:57' -font `fc-match -f '%{file[0]}' 'Sans:Bold:30'` -pointsize 30 -fill '#00000044' -annotate 0x0+58+100 '星期二, 八月 20' -fill white -annotate 0x0+60+102 '星期二, 八月 20''
INFO: 2019-08-20 21:57:00,343: build_imagemagick_clock_cmd() 'ImageMagick clock cmd: convert /home/luke/Pictures/wallpaper_2.jpg -scale 1366x768^ -density 100 -font `fc-match -f '%{file[0]}' 'Sans:Bold:70'` -pointsize 70 -gravity SouthEast -fill '#00000044' -annotate 0x0+58+150 '21:57' -fill white -annotate 0x0+60+152 '21:57' -font `fc-match -f '%{file[0]}' 'Sans:Bold:30'` -pointsize 30 -fill '#00000044' -annotate 0x0+58+100 '星期二, 八月 20' -fill white -annotate 0x0+60+102 '星期二, 八月 20' /home/luke/.config/variety/wallpaper/wallpaper-clock-a32ccac87742aa6752ccf7a1b14b63ae.jpg'
INFO: 2019-08-20 21:57:00,588: update_indicator() 'Setting file info to: /home/luke/Pictures/wallpaper_2.jpg'
INFO: 2019-08-20 21:58:00,411: clock_thread_method() 'clock_thread updates wallpaper'
INFO: 2019-08-20 21:58:00,412: do_set_wp() 'Calling do_set_wp with /home/luke/Pictures/wallpaper_2.jpg, time: 1566309480.4126785'
INFO: 2019-08-20 21:58:00,414: compute_trimmed_offsets() 'Trimmed offsets debug info: w:1366, h:768, ratio:1.778646, iw:1920, ih:1200, scw:1366, sch:853, ho:0, vo:42'
INFO: 2019-08-20 21:58:00,415: build_imagemagick_clock_cmd() 'Applying clock filter: -density 100 -font `fc-match -f '%{file[0]}' 'Sans:Bold:70'` -pointsize 70 -gravity SouthEast -fill '#00000044' -annotate 0x0+58+150 '21:58' -fill white -annotate 0x0+60+152 '21:58' -font `fc-match -f '%{file[0]}' 'Sans:Bold:30'` -pointsize 30 -fill '#00000044' -annotate 0x0+58+100 '星期二, 八月 20' -fill white -annotate 0x0+60+102 '星期二, 八月 20''
INFO: 2019-08-20 21:58:00,415: build_imagemagick_clock_cmd() 'ImageMagick clock cmd: convert /home/luke/Pictures/wallpaper_2.jpg -scale 1366x768^ -density 100 -font `fc-match -f '%{file[0]}' 'Sans:Bold:70'` -pointsize 70 -gravity SouthEast -fill '#00000044' -annotate 0x0+58+150 '21:58' -fill white -annotate 0x0+60+152 '21:58' -font `fc-match -f '%{file[0]}' 'Sans:Bold:30'` -pointsize 30 -fill '#00000044' -annotate 0x0+58+100 '星期二, 八月 20' -fill white -annotate 0x0+60+102 '星期二, 八月 20' /home/luke/.config/variety/wallpaper/wallpaper-clock-cdd3a70a551bb8b4b9d2892c9f13a380.jpg'
INFO: 2019-08-20 21:58:00,643: update_indicator() 'Setting file info to: /home/luke/Pictures/wallpaper_2.jpg'
INFO: 2019-08-20 21:59:00,479: clock_thread_method() 'clock_thread updates wallpaper'
INFO: 2019-08-20 21:59:00,480: do_set_wp() 'Calling do_set_wp with /home/luke/Pictures/wallpaper_2.jpg, time: 1566309540.4808114'
INFO: 2019-08-20 21:59:00,482: compute_trimmed_offsets() 'Trimmed offsets debug info: w:1366, h:768, ratio:1.778646, iw:1920, ih:1200, scw:1366, sch:853, ho:0, vo:42'
INFO: 2019-08-20 21:59:00,483: build_imagemagick_clock_cmd() 'Applying clock filter: -density 100 -font `fc-match -f '%{file[0]}' 'Sans:Bold:70'` -pointsize 70 -gravity SouthEast -fill '#00000044' -annotate 0x0+58+150 '21:59' -fill white -annotate 0x0+60+152 '21:59' -font `fc-match -f '%{file[0]}' 'Sans:Bold:30'` -pointsize 30 -fill '#00000044' -annotate 0x0+58+100 '星期二, 八月 20' -fill white -annotate 0x0+60+102 '星期二, 八月 20''
INFO: 2019-08-20 21:59:00,483: build_imagemagick_clock_cmd() 'ImageMagick clock cmd: convert /home/luke/Pictures/wallpaper_2.jpg -scale 1366x768^ -density 100 -font `fc-match -f '%{file[0]}' 'Sans:Bold:70'` -pointsize 70 -gravity SouthEast -fill '#00000044' -annotate 0x0+58+150 '21:59' -fill white -annotate 0x0+60+152 '21:59' -font `fc-match -f '%{file[0]}' 'Sans:Bold:30'` -pointsize 30 -fill '#00000044' -annotate 0x0+58+100 '星期二, 八月 20' -fill white -annotate 0x0+60+102 '星期二, 八月 20' /home/luke/.config/variety/wallpaper/wallpaper-clock-fa31a42324d8f0343d84b495500ca044.jpg'
INFO: 2019-08-20 21:59:00,714: update_indicator() 'Setting file info to: /home/luke/Pictures/wallpaper_2.jpg'
